Determining if files soundcard.h exist failed with the following output:
Change Dir: /home/pc/libs/allegro-5.0.10/build/CMakeFiles/CMakeTmp

Run Build Command:"/usr/bin/make" "cmTC_dabea/fast"
/usr/bin/make -f CMakeFiles/cmTC_dabea.dir/build.make CMakeFiles/cmTC_dabea.dir/build
make[1]: Entering directory '/home/pc/libs/allegro-5.0.10/build/CMakeFiles/CMakeTmp'
Building C object CMakeFiles/cmTC_dabea.dir/CheckIncludeFiles.c.o
/usr/bin/cc   -msse -W -Wall     -o CMakeFiles/cmTC_dabea.dir/CheckIncludeFiles.c.o   -c /home/pc/libs/allegro-5.0.10/build/CMakeFiles/CMakeTmp/CheckIncludeFiles.c
/home/pc/libs/allegro-5.0.10/build/CMakeFiles/CMakeTmp/CheckIncludeFiles.c:2:10: fatal error: soundcard.h: No such file or directory
 #include <soundcard.h>
          ^~~~~~~~~~~~~
compilation terminated.
CMakeFiles/cmTC_dabea.dir/build.make:65: recipe for target 'CMakeFiles/cmTC_dabea.dir/CheckIncludeFiles.c.o' failed
make[1]: *** [CMakeFiles/cmTC_dabea.dir/CheckIncludeFiles.c.o] Error 1
make[1]: Leaving directory '/home/pc/libs/allegro-5.0.10/build/CMakeFiles/CMakeTmp'
Makefile:126: recipe for target 'cmTC_dabea/fast' failed
make: *** [cmTC_dabea/fast] Error 2

Source:
/* */
#include <soundcard.h>


int main(void){return 0;}

Determining if files machine/soundcard.h exist failed with the following output:
Change Dir: /home/pc/libs/allegro-5.0.10/build/CMakeFiles/CMakeTmp

Run Build Command:"/usr/bin/make" "cmTC_1cd58/fast"
/usr/bin/make -f CMakeFiles/cmTC_1cd58.dir/build.make CMakeFiles/cmTC_1cd58.dir/build
make[1]: Entering directory '/home/pc/libs/allegro-5.0.10/build/CMakeFiles/CMakeTmp'
Building C object CMakeFiles/cmTC_1cd58.dir/CheckIncludeFiles.c.o
/usr/bin/cc   -msse -W -Wall     -o CMakeFiles/cmTC_1cd58.dir/CheckIncludeFiles.c.o   -c /home/pc/libs/allegro-5.0.10/build/CMakeFiles/CMakeTmp/CheckIncludeFiles.c
/home/pc/libs/allegro-5.0.10/build/CMakeFiles/CMakeTmp/CheckIncludeFiles.c:2:10: fatal error: machine/soundcard.h: No such file or directory
 #include <machine/soundcard.h>
          ^~~~~~~~~~~~~~~~~~~~~
compilation terminated.
CMakeFiles/cmTC_1cd58.dir/build.make:65: recipe for target 'CMakeFiles/cmTC_1cd58.dir/CheckIncludeFiles.c.o' failed
make[1]: *** [CMakeFiles/cmTC_1cd58.dir/CheckIncludeFiles.c.o] Error 1
make[1]: Leaving directory '/home/pc/libs/allegro-5.0.10/build/CMakeFiles/CMakeTmp'
Makefile:126: recipe for target 'cmTC_1cd58/fast' failed
make: *** [cmTC_1cd58/fast] Error 2

Source:
/* */
#include <machine/soundcard.h>


int main(void){return 0;}

Determining if files libkern/OSAtomic.h exist failed with the following output:
Change Dir: /home/pc/libs/allegro-5.0.10/build/CMakeFiles/CMakeTmp

Run Build Command:"/usr/bin/make" "cmTC_2eafd/fast"
/usr/bin/make -f CMakeFiles/cmTC_2eafd.dir/build.make CMakeFiles/cmTC_2eafd.dir/build
make[1]: Entering directory '/home/pc/libs/allegro-5.0.10/build/CMakeFiles/CMakeTmp'
Building C object CMakeFiles/cmTC_2eafd.dir/CheckIncludeFiles.c.o
/usr/bin/cc   -msse -W -Wall     -o CMakeFiles/cmTC_2eafd.dir/CheckIncludeFiles.c.o   -c /home/pc/libs/allegro-5.0.10/build/CMakeFiles/CMakeTmp/CheckIncludeFiles.c
/home/pc/libs/allegro-5.0.10/build/CMakeFiles/CMakeTmp/CheckIncludeFiles.c:2:10: fatal error: libkern/OSAtomic.h: No such file or directory
 #include <libkern/OSAtomic.h>
          ^~~~~~~~~~~~~~~~~~~~
compilation terminated.
CMakeFiles/cmTC_2eafd.dir/build.make:65: recipe for target 'CMakeFiles/cmTC_2eafd.dir/CheckIncludeFiles.c.o' failed
make[1]: *** [CMakeFiles/cmTC_2eafd.dir/CheckIncludeFiles.c.o] Error 1
make[1]: Leaving directory '/home/pc/libs/allegro-5.0.10/build/CMakeFiles/CMakeTmp'
Makefile:126: recipe for target 'cmTC_2eafd/fast' failed
make: *** [cmTC_2eafd/fast] Error 2

Source:
/* */
#include <libkern/OSAtomic.h>


int main(void){return 0;}

Determining if the function getexecname exists failed with the following output:
Change Dir: /home/pc/libs/allegro-5.0.10/build/CMakeFiles/CMakeTmp

Run Build Command:"/usr/bin/make" "cmTC_14263/fast"
/usr/bin/make -f CMakeFiles/cmTC_14263.dir/build.make CMakeFiles/cmTC_14263.dir/build
make[1]: Entering directory '/home/pc/libs/allegro-5.0.10/build/CMakeFiles/CMakeTmp'
Building C object CMakeFiles/cmTC_14263.dir/CheckFunctionExists.c.o
/usr/bin/cc   -msse -W -Wall  -DCHECK_FUNCTION_EXISTS=getexecname   -o CMakeFiles/cmTC_14263.dir/CheckFunctionExists.c.o   -c /usr/share/cmake-3.10/Modules/CheckFunctionExists.c
Linking C executable cmTC_14263
/usr/bin/cmake -E cmake_link_script CMakeFiles/cmTC_14263.dir/link.txt --verbose=1
/usr/bin/cc  -msse -W -Wall  -DCHECK_FUNCTION_EXISTS=getexecname    -rdynamic CMakeFiles/cmTC_14263.dir/CheckFunctionExists.c.o  -o cmTC_14263 
CMakeFiles/cmTC_14263.dir/CheckFunctionExists.c.o: In function `main':
CheckFunctionExists.c:(.text+0x10): undefined reference to `getexecname'
collect2: error: ld returned 1 exit status
CMakeFiles/cmTC_14263.dir/build.make:97: recipe for target 'cmTC_14263' failed
make[1]: *** [cmTC_14263] Error 1
make[1]: Leaving directory '/home/pc/libs/allegro-5.0.10/build/CMakeFiles/CMakeTmp'
Makefile:126: recipe for target 'cmTC_14263/fast' failed
make: *** [cmTC_14263/fast] Error 2


Performing C SOURCE FILE Test ALLEGRO_HAVE_PROCFS_ARGCV failed with the following output:
Change Dir: /home/pc/libs/allegro-5.0.10/build/CMakeFiles/CMakeTmp

Run Build Command:"/usr/bin/make" "cmTC_b3464/fast"
/usr/bin/make -f CMakeFiles/cmTC_b3464.dir/build.make CMakeFiles/cmTC_b3464.dir/build
make[1]: Entering directory '/home/pc/libs/allegro-5.0.10/build/CMakeFiles/CMakeTmp'
Building C object CMakeFiles/cmTC_b3464.dir/src.c.o
/usr/bin/cc   -msse -W -Wall  -DALLEGRO_HAVE_PROCFS_ARGCV   -o CMakeFiles/cmTC_b3464.dir/src.c.o   -c /home/pc/libs/allegro-5.0.10/build/CMakeFiles/CMakeTmp/src.c
/home/pc/libs/allegro-5.0.10/build/CMakeFiles/CMakeTmp/src.c: In function ‘main’:
/home/pc/libs/allegro-5.0.10/build/CMakeFiles/CMakeTmp/src.c:4:25: error: storage size of ‘psinfo’ isn’t known
         struct prpsinfo psinfo;
                         ^~~~~~
/home/pc/libs/allegro-5.0.10/build/CMakeFiles/CMakeTmp/src.c:4:25: warning: unused variable ‘psinfo’ [-Wunused-variable]
CMakeFiles/cmTC_b3464.dir/build.make:65: recipe for target 'CMakeFiles/cmTC_b3464.dir/src.c.o' failed
make[1]: *** [CMakeFiles/cmTC_b3464.dir/src.c.o] Error 1
make[1]: Leaving directory '/home/pc/libs/allegro-5.0.10/build/CMakeFiles/CMakeTmp'
Makefile:126: recipe for target 'cmTC_b3464/fast' failed
make: *** [cmTC_b3464/fast] Error 2

Source file was:

    #include <sys/procfs.h>
    int main(void) {
        struct prpsinfo psinfo;
        psinfo.pr_argc = 0;
        return 0;
    }
Performing C SOURCE FILE Test ALLEGRO_HAVE_SV_PROCFS_H failed with the following output:
Change Dir: /home/pc/libs/allegro-5.0.10/build/CMakeFiles/CMakeTmp

Run Build Command:"/usr/bin/make" "cmTC_ad5e5/fast"
/usr/bin/make -f CMakeFiles/cmTC_ad5e5.dir/build.make CMakeFiles/cmTC_ad5e5.dir/build
make[1]: Entering directory '/home/pc/libs/allegro-5.0.10/build/CMakeFiles/CMakeTmp'
Building C object CMakeFiles/cmTC_ad5e5.dir/src.c.o
/usr/bin/cc   -msse -W -Wall  -DALLEGRO_HAVE_SV_PROCFS_H   -o CMakeFiles/cmTC_ad5e5.dir/src.c.o   -c /home/pc/libs/allegro-5.0.10/build/CMakeFiles/CMakeTmp/src.c
/home/pc/libs/allegro-5.0.10/build/CMakeFiles/CMakeTmp/src.c: In function ‘main’:
/home/pc/libs/allegro-5.0.10/build/CMakeFiles/CMakeTmp/src.c:5:25: error: storage size of ‘psinfo’ isn’t known
         struct prpsinfo psinfo;
                         ^~~~~~
/home/pc/libs/allegro-5.0.10/build/CMakeFiles/CMakeTmp/src.c:6:18: error: ‘PIOCPSINFO’ undeclared (first use in this function); did you mean ‘TIOCLINUX’?
         ioctl(0, PIOCPSINFO, &psinfo);
                  ^~~~~~~~~~
                  TIOCLINUX
/home/pc/libs/allegro-5.0.10/build/CMakeFiles/CMakeTmp/src.c:6:18: note: each undeclared identifier is reported only once for each function it appears in
/home/pc/libs/allegro-5.0.10/build/CMakeFiles/CMakeTmp/src.c:5:25: warning: unused variable ‘psinfo’ [-Wunused-variable]
         struct prpsinfo psinfo;
                         ^~~~~~
CMakeFiles/cmTC_ad5e5.dir/build.make:65: recipe for target 'CMakeFiles/cmTC_ad5e5.dir/src.c.o' failed
make[1]: *** [CMakeFiles/cmTC_ad5e5.dir/src.c.o] Error 1
make[1]: Leaving directory '/home/pc/libs/allegro-5.0.10/build/CMakeFiles/CMakeTmp'
Makefile:126: recipe for target 'cmTC_ad5e5/fast' failed
make: *** [cmTC_ad5e5/fast] Error 2

Source file was:

    #include <sys/procfs.h>
    #include <sys/ioctl.h>
    int main(void) {
        struct prpsinfo psinfo;
        ioctl(0, PIOCPSINFO, &psinfo);
        return 0;
    }
Determining if the pthread_create exist failed with the following output:
Change Dir: /home/pc/libs/allegro-5.0.10/build/CMakeFiles/CMakeTmp

Run Build Command:"/usr/bin/make" "cmTC_ee103/fast"
/usr/bin/make -f CMakeFiles/cmTC_ee103.dir/build.make CMakeFiles/cmTC_ee103.dir/build
make[1]: Entering directory '/home/pc/libs/allegro-5.0.10/build/CMakeFiles/CMakeTmp'
Building C object CMakeFiles/cmTC_ee103.dir/CheckSymbolExists.c.o
/usr/bin/cc   -msse -W -Wall     -o CMakeFiles/cmTC_ee103.dir/CheckSymbolExists.c.o   -c /home/pc/libs/allegro-5.0.10/build/CMakeFiles/CMakeTmp/CheckSymbolExists.c
Linking C executable cmTC_ee103
/usr/bin/cmake -E cmake_link_script CMakeFiles/cmTC_ee103.dir/link.txt --verbose=1
/usr/bin/cc  -msse -W -Wall      -rdynamic CMakeFiles/cmTC_ee103.dir/CheckSymbolExists.c.o  -o cmTC_ee103 
CMakeFiles/cmTC_ee103.dir/CheckSymbolExists.c.o: In function `main':
CheckSymbolExists.c:(.text+0x1b): undefined reference to `pthread_create'
collect2: error: ld returned 1 exit status
CMakeFiles/cmTC_ee103.dir/build.make:97: recipe for target 'cmTC_ee103' failed
make[1]: *** [cmTC_ee103] Error 1
make[1]: Leaving directory '/home/pc/libs/allegro-5.0.10/build/CMakeFiles/CMakeTmp'
Makefile:126: recipe for target 'cmTC_ee103/fast' failed
make: *** [cmTC_ee103/fast] Error 2

File /home/pc/libs/allegro-5.0.10/build/CMakeFiles/CMakeTmp/CheckSymbolExists.c:
/* */
#include <pthread.h>

int main(int argc, char** argv)
{
  (void)argv;
#ifndef pthread_create
  return ((int*)(&pthread_create))[argc];
#else
  (void)argc;
  return 0;
#endif
}

Determining if the function pthread_create exists in the pthreads failed with the following output:
Change Dir: /home/pc/libs/allegro-5.0.10/build/CMakeFiles/CMakeTmp

Run Build Command:"/usr/bin/make" "cmTC_3ee51/fast"
/usr/bin/make -f CMakeFiles/cmTC_3ee51.dir/build.make CMakeFiles/cmTC_3ee51.dir/build
make[1]: Entering directory '/home/pc/libs/allegro-5.0.10/build/CMakeFiles/CMakeTmp'
Building C object CMakeFiles/cmTC_3ee51.dir/CheckFunctionExists.c.o
/usr/bin/cc   -msse -W -Wall  -DCHECK_FUNCTION_EXISTS=pthread_create   -o CMakeFiles/cmTC_3ee51.dir/CheckFunctionExists.c.o   -c /usr/share/cmake-3.10/Modules/CheckFunctionExists.c
Linking C executable cmTC_3ee51
/usr/bin/cmake -E cmake_link_script CMakeFiles/cmTC_3ee51.dir/link.txt --verbose=1
/usr/bin/cc  -msse -W -Wall  -DCHECK_FUNCTION_EXISTS=pthread_create    -rdynamic CMakeFiles/cmTC_3ee51.dir/CheckFunctionExists.c.o  -o cmTC_3ee51 -lpthreads 
/usr/bin/x86_64-linux-gnu-ld: cannot find -lpthreads
collect2: error: ld returned 1 exit status
CMakeFiles/cmTC_3ee51.dir/build.make:97: recipe for target 'cmTC_3ee51' failed
make[1]: *** [cmTC_3ee51] Error 1
make[1]: Leaving directory '/home/pc/libs/allegro-5.0.10/build/CMakeFiles/CMakeTmp'
Makefile:126: recipe for target 'cmTC_3ee51/fast' failed
make: *** [cmTC_3ee51/fast] Error 2


Determining if the include file X11/extensions/xf86vmode.h exists failed with the following output:
Change Dir: /home/pc/libs/allegro-5.0.10/build/CMakeFiles/CMakeTmp

Run Build Command:"/usr/bin/make" "cmTC_837fe/fast"
/usr/bin/make -f CMakeFiles/cmTC_837fe.dir/build.make CMakeFiles/cmTC_837fe.dir/build
make[1]: Entering directory '/home/pc/libs/allegro-5.0.10/build/CMakeFiles/CMakeTmp'
Building C object CMakeFiles/cmTC_837fe.dir/CheckIncludeFile.c.o
/usr/bin/cc   -msse -W -Wall     -o CMakeFiles/cmTC_837fe.dir/CheckIncludeFile.c.o   -c /home/pc/libs/allegro-5.0.10/build/CMakeFiles/CMakeTmp/CheckIncludeFile.c
In file included from /home/pc/libs/allegro-5.0.10/build/CMakeFiles/CMakeTmp/CheckIncludeFile.c:1:0:
/usr/include/X11/extensions/xf86vmode.h:127:5: error: unknown type name ‘Bool’
     Bool send_event;  /* true if this came from a SendEvent req */
     ^~~~
/usr/include/X11/extensions/xf86vmode.h:128:5: error: unknown type name ‘Display’
     Display *display;  /* Display the event was read from */
     ^~~~~~~
/usr/include/X11/extensions/xf86vmode.h:129:5: error: unknown type name ‘Window’
     Window root;  /* root window of event screen */
     ^~~~~~
/usr/include/X11/extensions/xf86vmode.h:132:5: error: unknown type name ‘Bool’
     Bool forced;  /* extents of new region */
     ^~~~
/usr/include/X11/extensions/xf86vmode.h:133:5: error: unknown type name ‘Time’
     Time time;   /* event timestamp */
     ^~~~
/usr/include/X11/extensions/xf86vmode.h:150:1: error: unknown type name ‘Bool’; did you mean ‘_Bool’?
 Bool XF86VidModeQueryVersion(
 ^~~~
 _Bool
/usr/include/X11/extensions/xf86vmode.h:151:5: error: unknown type name ‘Display’
     Display*  /* dpy */,
     ^~~~~~~
/usr/include/X11/extensions/xf86vmode.h:156:1: error: unknown type name ‘Bool’; did you mean ‘_Bool’?
 Bool XF86VidModeQueryExtension(
 ^~~~
 _Bool
/usr/include/X11/extensions/xf86vmode.h:157:5: error: unknown type name ‘Display’
     Display*  /* dpy */,
     ^~~~~~~
/usr/include/X11/extensions/xf86vmode.h:162:1: error: unknown type name ‘Bool’; did you mean ‘_Bool’?
 Bool XF86VidModeSetClientVersion(
 ^~~~
 _Bool
/usr/include/X11/extensions/xf86vmode.h:163:5: error: unknown type name ‘Display’
     Display*  /* dpy */
     ^~~~~~~
/usr/include/X11/extensions/xf86vmode.h:166:1: error: unknown type name ‘Bool’; did you mean ‘_Bool’?
 Bool XF86VidModeGetModeLine(
 ^~~~
 _Bool
/usr/include/X11/extensions/xf86vmode.h:167:5: error: unknown type name ‘Display’
     Display*   /* dpy */,
     ^~~~~~~
/usr/include/X11/extensions/xf86vmode.h:173:1: error: unknown type name ‘Bool’; did you mean ‘_Bool’?
 Bool XF86VidModeGetAllModeLines(
 ^~~~
 _Bool
/usr/include/X11/extensions/xf86vmode.h:174:5: error: unknown type name ‘Display’
     Display*   /* dpy */,
     ^~~~~~~
/usr/include/X11/extensions/xf86vmode.h:180:1: error: unknown type name ‘Bool’; did you mean ‘_Bool’?
 Bool XF86VidModeAddModeLine(
 ^~~~
 _Bool
/usr/include/X11/extensions/xf86vmode.h:181:5: error: unknown type name ‘Display’
     Display*   /* dpy */,
     ^~~~~~~
/usr/include/X11/extensions/xf86vmode.h:187:1: error: unknown type name ‘Bool’; did you mean ‘_Bool’?
 Bool XF86VidModeDeleteModeLine(
 ^~~~
 _Bool
/usr/include/X11/extensions/xf86vmode.h:188:5: error: unknown type name ‘Display’
     Display*   /* dpy */,
     ^~~~~~~
/usr/include/X11/extensions/xf86vmode.h:193:1: error: unknown type name ‘Bool’; did you mean ‘_Bool’?
 Bool XF86VidModeModModeLine(
 ^~~~
 _Bool
/usr/include/X11/extensions/xf86vmode.h:194:5: error: unknown type name ‘Display’
     Display*   /* dpy */,
     ^~~~~~~
/usr/include/X11/extensions/xf86vmode.h:199:1: error: unknown type name ‘Status’
 Status XF86VidModeValidateModeLine(
 ^~~~~~
/usr/include/X11/extensions/xf86vmode.h:200:5: error: unknown type name ‘Display’
     Display*   /* dpy */,
     ^~~~~~~
/usr/include/X11/extensions/xf86vmode.h:205:1: error: unknown type name ‘Bool’; did you mean ‘_Bool’?
 Bool XF86VidModeSwitchMode(
 ^~~~
 _Bool
/usr/include/X11/extensions/xf86vmode.h:206:5: error: unknown type name ‘Display’
     Display*  /* dpy */,
     ^~~~~~~
/usr/include/X11/extensions/xf86vmode.h:211:1: error: unknown type name ‘Bool’; did you mean ‘_Bool’?
 Bool XF86VidModeSwitchToMode(
 ^~~~
 _Bool
/usr/include/X11/extensions/xf86vmode.h:212:5: error: unknown type name ‘Display’
     Display*   /* dpy */,
     ^~~~~~~
/usr/include/X11/extensions/xf86vmode.h:217:1: error: unknown type name ‘Bool’; did you mean ‘_Bool’?
 Bool XF86VidModeLockModeSwitch(
 ^~~~
 _Bool
/usr/include/X11/extensions/xf86vmode.h:218:5: error: unknown type name ‘Display’
     Display*  /* dpy */,
     ^~~~~~~
/usr/include/X11/extensions/xf86vmode.h:223:1: error: unknown type name ‘Bool’; did you mean ‘_Bool’?
 Bool XF86VidModeGetMonitor(
 ^~~~
 _Bool
/usr/include/X11/extensions/xf86vmode.h:224:5: error: unknown type name ‘Display’
     Display*  /* dpy */,
     ^~~~~~~
/usr/include/X11/extensions/xf86vmode.h:229:1: error: unknown type name ‘Bool’; did you mean ‘_Bool’?
 Bool XF86VidModeGetViewPort(
 ^~~~
 _Bool
/usr/include/X11/extensions/xf86vmode.h:230:5: error: unknown type name ‘Display’
     Display*  /* dpy */,
     ^~~~~~~
/usr/include/X11/extensions/xf86vmode.h:236:1: error: unknown type name ‘Bool’; did you mean ‘_Bool’?
 Bool XF86VidModeSetViewPort(
 ^~~~
 _Bool
/usr/include/X11/extensions/xf86vmode.h:237:5: error: unknown type name ‘Display’
     Display*  /* dpy */,
     ^~~~~~~
/usr/include/X11/extensions/xf86vmode.h:243:1: error: unknown type name ‘Bool’; did you mean ‘_Bool’?
 Bool XF86VidModeGetDotClocks(
 ^~~~
 _Bool
/usr/include/X11/extensions/xf86vmode.h:244:5: error: unknown type name ‘Display’
     Display*  /* dpy */,
     ^~~~~~~
/usr/include/X11/extensions/xf86vmode.h:252:1: error: unknown type name ‘Bool’; did you mean ‘_Bool’?
 Bool XF86VidModeGetGamma(
 ^~~~
 _Bool
/usr/include/X11/extensions/xf86vmode.h:253:5: error: unknown type name ‘Display’
     Display*   /* dpy */,
     ^~~~~~~
/usr/include/X11/extensions/xf86vmode.h:258:1: error: unknown type name ‘Bool’; did you mean ‘_Bool’?
 Bool XF86VidModeSetGamma(
 ^~~~
 _Bool
/usr/include/X11/extensions/xf86vmode.h:259:5: error: unknown type name ‘Display’
     Display*   /* dpy */,
     ^~~~~~~
/usr/include/X11/extensions/xf86vmode.h:264:1: error: unknown type name ‘Bool’; did you mean ‘_Bool’?
 Bool XF86VidModeSetGammaRamp(
 ^~~~
 _Bool
/usr/include/X11/extensions/xf86vmode.h:265:5: error: unknown type name ‘Display’
     Display*                    /* dpy */,
     ^~~~~~~
/usr/include/X11/extensions/xf86vmode.h:273:1: error: unknown type name ‘Bool’; did you mean ‘_Bool’?
 Bool XF86VidModeGetGammaRamp(
 ^~~~
 _Bool
/usr/include/X11/extensions/xf86vmode.h:274:5: error: unknown type name ‘Display’
     Display*                    /* dpy */,
     ^~~~~~~
/usr/include/X11/extensions/xf86vmode.h:282:1: error: unknown type name ‘Bool’; did you mean ‘_Bool’?
 Bool XF86VidModeGetGammaRampSize(
 ^~~~
 _Bool
/usr/include/X11/extensions/xf86vmode.h:283:5: error: unknown type name ‘Display’
     Display*                    /* dpy */,
     ^~~~~~~
/usr/include/X11/extensions/xf86vmode.h:288:1: error: unknown type name ‘Bool’; did you mean ‘_Bool’?
 Bool XF86VidModeGetPermissions(
 ^~~~
 _Bool
/usr/include/X11/extensions/xf86vmode.h:289:5: error: unknown type name ‘Display’
     Display*                    /* dpy */,
     ^~~~~~~
CMakeFiles/cmTC_837fe.dir/build.make:65: recipe for target 'CMakeFiles/cmTC_837fe.dir/CheckIncludeFile.c.o' failed
make[1]: *** [CMakeFiles/cmTC_837fe.dir/CheckIncludeFile.c.o] Error 1
make[1]: Leaving directory '/home/pc/libs/allegro-5.0.10/build/CMakeFiles/CMakeTmp'
Makefile:126: recipe for target 'cmTC_837fe/fast' failed
make: *** [cmTC_837fe/fast] Error 2


